<?xml version="1.0" encoding="UTF-8"?>
<!-- Generated by org.testng.reporters.JUnitReportReporter -->
<testsuite hostname="Kappus-MBP.lan" failures="0" tests="1" name="com.shopper.qa.testcases.SearchResultPageTest" time="9.255" errors="0" timestamp="2024-05-03T19:47:10 BST" skipped="0">
  <testcase classname="com.shopper.qa.testcases.SearchResultPageTest" name="verifySearchResultWorkingCorrectly" time="9.255"/>
  <system-out/>
</testsuite> <!-- com.shopper.qa.testcases.SearchResultPageTest -->
